[0m12:51:42.440000 [debug] [MainThread]: Sending event: {'category': 'dbt', 'action': 'invocation', 'label': 'start', 'context': [<snowplow_tracker.self_describing_json.SelfDescribingJson object at 0x1120665a0>, <snowplow_tracker.self_describing_json.SelfDescribingJson object at 0x1131d0770>, <snowplow_tracker.self_describing_json.SelfDescribingJson object at 0x1131d04d0>]}


============================== 12:51:42.445526 | cc849a79-8466-498e-85cf-8d6ee88036b5 ==============================
[0m12:51:42.445526 [info ] [MainThread]: Running with dbt=1.11.8
[0m12:51:42.446219 [debug] [MainThread]: running dbt with arguments {'no_print': 'None', 'send_anonymous_usage_stats': 'True', 'use_experimental_parser': 'False', 'quiet': 'False', 'partial_parse': 'True', 'log_path': 'logs', 'warn_error': 'None', 'write_json': 'True', 'target_path': 'None', 'printer_width': '80', 'log_cache_events': 'False', 'static_parser': 'True', 'introspect': 'True', 'empty': 'None', 'cache_selected_only': 'False', 'log_format': 'default', 'invocation_command': 'dbt init', 'version_check': 'True', 'warn_error_options': 'WarnErrorOptionsV2(error=[], warn=[], silence=[])', 'profiles_dir': '/Users/shahanahmed/.dbt', 'debug': 'False', 'indirect_selection': 'eager', 'use_colors': 'True', 'fail_fast': 'False'}
[0m12:51:59.157146 [debug] [MainThread]: Starter project path: /Users/shahanahmed/Desktop/tutorful_task/.venv/lib/python3.12/site-packages/dbt/include/starter_project
[0m12:51:59.176019 [info ] [MainThread]: 
Your new dbt project "tutorful_curated" was created!

For more information on how to configure the profiles.yml file,
please consult the dbt documentation here:

  https://docs.getdbt.com/docs/configure-your-profile

One more thing:

Need help? Don't hesitate to reach out to us via GitHub issues or on Slack:

  https://community.getdbt.com/

Happy modeling!

[0m12:51:59.176693 [info ] [MainThread]: Setting up your profile.
[0m12:52:32.522413 [info ] [MainThread]: Profile tutorful_curated written to /Users/shahanahmed/.dbt/profiles.yml using target's profile_template.yml and your supplied values. Run 'dbt debug' to validate the connection.
[0m12:52:32.529914 [debug] [MainThread]: Resource report: {"command_name": "init", "command_success": true, "command_wall_clock_time": 50.16553, "process_in_blocks": "0", "process_kernel_time": 0.400644, "process_mem_max_rss": "199098368", "process_out_blocks": "0", "process_user_time": 1.713382}
[0m12:52:32.533508 [debug] [MainThread]: Command `dbt init` succeeded at 12:52:32.532908 after 50.17 seconds
[0m12:52:32.534718 [debug] [MainThread]: Sending event: {'category': 'dbt', 'action': 'invocation', 'label': 'end', 'context': [<snowplow_tracker.self_describing_json.SelfDescribingJson object at 0x112d97cb0>, <snowplow_tracker.self_describing_json.SelfDescribingJson object at 0x13542f950>, <snowplow_tracker.self_describing_json.SelfDescribingJson object at 0x1334b9580>]}
[0m12:52:32.535501 [debug] [MainThread]: Flushing usage events
[0m12:52:32.929532 [debug] [MainThread]: An error was encountered while trying to flush usage events
